<?xml version="1.0" encoding="UTF-8"?>
<!-- Generated by org.testng.reporters.JUnitReportReporter -->
<testsuite hostname="LAPTOP-82PU0LMB" failures="0" tests="1" name="javaStream" time="0.007" errors="0" timestamp="2022-08-28T22:32:27 IST" skipped="0">
  <testcase classname="javaStream" name="stream10" time="0.007"/>
  <system-out/>
</testsuite> <!-- javaStream -->
